Traceback (most recent call last):
  File "/mmfs1/gscratch/stf/elizap/MiniNeptuneGrid26_PostBac/Photochem_grid_121625.py", line 472, in <module>
    gridutils.make_grid(
  File "/mmfs1/gscratch/stf/elizap/MiniNeptuneGrid26_PostBac/gridutils.py", line 206, in make_grid
    worker()
  File "/mmfs1/gscratch/stf/elizap/MiniNeptuneGrid26_PostBac/gridutils.py", line 159, in worker
    res = model_func(x)
          ^^^^^^^^^^^^^
  File "/mmfs1/gscratch/stf/elizap/MiniNeptuneGrid26_PostBac/Photochem_grid_121625.py", line 454, in Photochem_1D_model
    sol, soleq, pc, convergence_values, converged = Photochem_Gas_Giant(rad_plan=rad_plan_earth_units, log10_planet_metallicity=log10_planet_metallicity, tint=tint_K, semi_major=semi_major_AU, ctoO=ctoO_solar, log_Kzz=log_Kzz, PT_filename='results/PICASO_climate_updatop_paramext_K218b.h5')
                                                    ^^^^^^^^^^^^^^^^^^^^^^^^^^^^^^^^^^^^^^^^^^^^^^^^^^^^^^^^^^^^^^^^^^^^^^^^^^^^^^^^^^^^^^^^^^^^^^^^^^^^^^^^^^^^^^^^^^^^^^^^^^^^^^^^^^^^^^^^^^^^^^^^^^^^^^^^^^^^^^^^^^^^^^^^^^^^^^^^^^^^^^^^^^^^^^^^^^^^^^^^^^^^^^^^^^^^^^^^^^^^^^^^^^^^^^^^^^^^^^
  File "/mmfs1/gscratch/stf/elizap/MiniNeptuneGrid26_PostBac/Photochem_grid_121625.py", line 331, in Photochem_Gas_Giant
    pc.initialize_to_climate_equilibrium_PT(P, T, Kzz, float(log10_planet_metallicity), ctoO)
  File "/gscratch/stf/elizap/envs/subneptune/lib/python3.12/site-packages/photochem/extensions/gasgiants.py", line 244, in initialize_to_climate_equilibrium_PT
    raise Exception('BOA in photochemical model wants to be deeper than BOA of climate model.')
Exception: BOA in photochemical model wants to be deeper than BOA of climate model.
Traceback (most recent call last):
  File "/mmfs1/gscratch/stf/elizap/MiniNeptuneGrid26_PostBac/Photochem_grid_121625.py", line 472, in <module>
    gridutils.make_grid(
  File "/mmfs1/gscratch/stf/elizap/MiniNeptuneGrid26_PostBac/gridutils.py", line 206, in make_grid
    worker()
  File "/mmfs1/gscratch/stf/elizap/MiniNeptuneGrid26_PostBac/gridutils.py", line 159, in worker
    res = model_func(x)
          ^^^^^^^^^^^^^
  File "/mmfs1/gscratch/stf/elizap/MiniNeptuneGrid26_PostBac/Photochem_grid_121625.py", line 454, in Photochem_1D_model
    sol, soleq, pc, convergence_values, converged = Photochem_Gas_Giant(rad_plan=rad_plan_earth_units, log10_planet_metallicity=log10_planet_metallicity, tint=tint_K, semi_major=semi_major_AU, ctoO=ctoO_solar, log_Kzz=log_Kzz, PT_filename='results/PICASO_climate_updatop_paramext_K218b.h5')
                                                    ^^^^^^^^^^^^^^^^^^^^^^^^^^^^^^^^^^^^^^^^^^^^^^^^^^^^^^^^^^^^^^^^^^^^^^^^^^^^^^^^^^^^^^^^^^^^^^^^^^^^^^^^^^^^^^^^^^^^^^^^^^^^^^^^^^^^^^^^^^^^^^^^^^^^^^^^^^^^^^^^^^^^^^^^^^^^^^^^^^^^^^^^^^^^^^^^^^^^^^^^^^^^^^^^^^^^^^^^^^^^^^^^^^^^^^^^^^^^^^
  File "/mmfs1/gscratch/stf/elizap/MiniNeptuneGrid26_PostBac/Photochem_grid_121625.py", line 331, in Photochem_Gas_Giant
    pc.initialize_to_climate_equilibrium_PT(P, T, Kzz, float(log10_planet_metallicity), ctoO)
  File "/gscratch/stf/elizap/envs/subneptune/lib/python3.12/site-packages/photochem/extensions/gasgiants.py", line 244, in initialize_to_climate_equilibrium_PT
    raise Exception('BOA in photochemical model wants to be deeper than BOA of climate model.')
Exception: BOA in photochemical model wants to be deeper than BOA of climate model.
Traceback (most recent call last):
  File "/mmfs1/gscratch/stf/elizap/MiniNeptuneGrid26_PostBac/Photochem_grid_121625.py", line 472, in <module>
    gridutils.make_grid(
  File "/mmfs1/gscratch/stf/elizap/MiniNeptuneGrid26_PostBac/gridutils.py", line 206, in make_grid
    worker()
  File "/mmfs1/gscratch/stf/elizap/MiniNeptuneGrid26_PostBac/gridutils.py", line 159, in worker
    res = model_func(x)
          ^^^^^^^^^^^^^
  File "/mmfs1/gscratch/stf/elizap/MiniNeptuneGrid26_PostBac/Photochem_grid_121625.py", line 454, in Photochem_1D_model
    sol, soleq, pc, convergence_values, converged = Photochem_Gas_Giant(rad_plan=rad_plan_earth_units, log10_planet_metallicity=log10_planet_metallicity, tint=tint_K, semi_major=semi_major_AU, ctoO=ctoO_solar, log_Kzz=log_Kzz, PT_filename='results/PICASO_climate_updatop_paramext_K218b.h5')
                                                    ^^^^^^^^^^^^^^^^^^^^^^^^^^^^^^^^^^^^^^^^^^^^^^^^^^^^^^^^^^^^^^^^^^^^^^^^^^^^^^^^^^^^^^^^^^^^^^^^^^^^^^^^^^^^^^^^^^^^^^^^^^^^^^^^^^^^^^^^^^^^^^^^^^^^^^^^^^^^^^^^^^^^^^^^^^^^^^^^^^^^^^^^^^^^^^^^^^^^^^^^^^^^^^^^^^^^^^^^^^^^^^^^^^^^^^^^^^^^^^
  File "/mmfs1/gscratch/stf/elizap/MiniNeptuneGrid26_PostBac/Photochem_grid_121625.py", line 331, in Photochem_Gas_Giant
    pc.initialize_to_climate_equilibrium_PT(P, T, Kzz, float(log10_planet_metallicity), ctoO)
  File "/gscratch/stf/elizap/envs/subneptune/lib/python3.12/site-packages/photochem/extensions/gasgiants.py", line 244, in initialize_to_climate_equilibrium_PT
    raise Exception('BOA in photochemical model wants to be deeper than BOA of climate model.')
Exception: BOA in photochemical model wants to be deeper than BOA of climate model.
Traceback (most recent call last):
  File "/mmfs1/gscratch/stf/elizap/MiniNeptuneGrid26_PostBac/Photochem_grid_121625.py", line 472, in <module>
    gridutils.make_grid(
  File "/mmfs1/gscratch/stf/elizap/MiniNeptuneGrid26_PostBac/gridutils.py", line 206, in make_grid
    worker()
  File "/mmfs1/gscratch/stf/elizap/MiniNeptuneGrid26_PostBac/gridutils.py", line 159, in worker
    res = model_func(x)
          ^^^^^^^^^^^^^
  File "/mmfs1/gscratch/stf/elizap/MiniNeptuneGrid26_PostBac/Photochem_grid_121625.py", line 454, in Photochem_1D_model
    sol, soleq, pc, convergence_values, converged = Photochem_Gas_Giant(rad_plan=rad_plan_earth_units, log10_planet_metallicity=log10_planet_metallicity, tint=tint_K, semi_major=semi_major_AU, ctoO=ctoO_solar, log_Kzz=log_Kzz, PT_filename='results/PICASO_climate_updatop_paramext_K218b.h5')
                                                    ^^^^^^^^^^^^^^^^^^^^^^^^^^^^^^^^^^^^^^^^^^^^^^^^^^^^^^^^^^^^^^^^^^^^^^^^^^^^^^^^^^^^^^^^^^^^^^^^^^^^^^^^^^^^^^^^^^^^^^^^^^^^^^^^^^^^^^^^^^^^^^^^^^^^^^^^^^^^^^^^^^^^^^^^^^^^^^^^^^^^^^^^^^^^^^^^^^^^^^^^^^^^^^^^^^^^^^^^^^^^^^^^^^^^^^^^^^^^^^
  File "/mmfs1/gscratch/stf/elizap/MiniNeptuneGrid26_PostBac/Photochem_grid_121625.py", line 331, in Photochem_Gas_Giant
    pc.initialize_to_climate_equilibrium_PT(P, T, Kzz, float(log10_planet_metallicity), ctoO)
  File "/gscratch/stf/elizap/envs/subneptune/lib/python3.12/site-packages/photochem/extensions/gasgiants.py", line 244, in initialize_to_climate_equilibrium_PT
    raise Exception('BOA in photochemical model wants to be deeper than BOA of climate model.')
Exception: BOA in photochemical model wants to be deeper than BOA of climate model.
Traceback (most recent call last):
  File "/mmfs1/gscratch/stf/elizap/MiniNeptuneGrid26_PostBac/Photochem_grid_121625.py", line 472, in <module>
    gridutils.make_grid(
  File "/mmfs1/gscratch/stf/elizap/MiniNeptuneGrid26_PostBac/gridutils.py", line 206, in make_grid
    worker()
  File "/mmfs1/gscratch/stf/elizap/MiniNeptuneGrid26_PostBac/gridutils.py", line 159, in worker
    res = model_func(x)
          ^^^^^^^^^^^^^
  File "/mmfs1/gscratch/stf/elizap/MiniNeptuneGrid26_PostBac/Photochem_grid_121625.py", line 454, in Photochem_1D_model
    sol, soleq, pc, convergence_values, converged = Photochem_Gas_Giant(rad_plan=rad_plan_earth_units, log10_planet_metallicity=log10_planet_metallicity, tint=tint_K, semi_major=semi_major_AU, ctoO=ctoO_solar, log_Kzz=log_Kzz, PT_filename='results/PICASO_climate_updatop_paramext_K218b.h5')
                                                    ^^^^^^^^^^^^^^^^^^^^^^^^^^^^^^^^^^^^^^^^^^^^^^^^^^^^^^^^^^^^^^^^^^^^^^^^^^^^^^^^^^^^^^^^^^^^^^^^^^^^^^^^^^^^^^^^^^^^^^^^^^^^^^^^^^^^^^^^^^^^^^^^^^^^^^^^^^^^^^^^^^^^^^^^^^^^^^^^^^^^^^^^^^^^^^^^^^^^^^^^^^^^^^^^^^^^^^^^^^^^^^^^^^^^^^^^^^^^^^
  File "/mmfs1/gscratch/stf/elizap/MiniNeptuneGrid26_PostBac/Photochem_grid_121625.py", line 331, in Photochem_Gas_Giant
    pc.initialize_to_climate_equilibrium_PT(P, T, Kzz, float(log10_planet_metallicity), ctoO)
  File "/gscratch/stf/elizap/envs/subneptune/lib/python3.12/site-packages/photochem/extensions/gasgiants.py", line 244, in initialize_to_climate_equilibrium_PT
Traceback (most recent call last):
  File "/mmfs1/gscratch/stf/elizap/MiniNeptuneGrid26_PostBac/Photochem_grid_121625.py", line 472, in <module>
    raise Exception('BOA in photochemical model wants to be deeper than BOA of climate model.')
Exception: BOA in photochemical model wants to be deeper than BOA of climate model.
    gridutils.make_grid(
  File "/mmfs1/gscratch/stf/elizap/MiniNeptuneGrid26_PostBac/gridutils.py", line 206, in make_grid
    worker()
  File "/mmfs1/gscratch/stf/elizap/MiniNeptuneGrid26_PostBac/gridutils.py", line 159, in worker
    res = model_func(x)
          ^^^^^^^^^^^^^
  File "/mmfs1/gscratch/stf/elizap/MiniNeptuneGrid26_PostBac/Photochem_grid_121625.py", line 454, in Photochem_1D_model
    sol, soleq, pc, convergence_values, converged = Photochem_Gas_Giant(rad_plan=rad_plan_earth_units, log10_planet_metallicity=log10_planet_metallicity, tint=tint_K, semi_major=semi_major_AU, ctoO=ctoO_solar, log_Kzz=log_Kzz, PT_filename='results/PICASO_climate_updatop_paramext_K218b.h5')
                                                    ^^^^^^^^^^^^^^^^^^^^^^^^^^^^^^^^^^^^^^^^^^^^^^^^^^^^^^^^^^^^^^^^^^^^^^^^^^^^^^^^^^^^^^^^^^^^^^^^^^^^^^^^^^^^^^^^^^^^^^^^^^^^^^^^^^^^^^^^^^^^^^^^^^^^^^^^^^^^^^^^^^^^^^^^^^^^^^^^^^^^^^^^^^^^^^^^^^^^^^^^^^^^^^^^^^^^^^^^^^^^^^^^^^^^^^^^^^^^^^
  File "/mmfs1/gscratch/stf/elizap/MiniNeptuneGrid26_PostBac/Photochem_grid_121625.py", line 331, in Photochem_Gas_Giant
    pc.initialize_to_climate_equilibrium_PT(P, T, Kzz, float(log10_planet_metallicity), ctoO)
  File "/gscratch/stf/elizap/envs/subneptune/lib/python3.12/site-packages/photochem/extensions/gasgiants.py", line 244, in initialize_to_climate_equilibrium_PT
    raise Exception('BOA in photochemical model wants to be deeper than BOA of climate model.')
Exception: BOA in photochemical model wants to be deeper than BOA of climate model.
Traceback (most recent call last):
  File "/mmfs1/gscratch/stf/elizap/MiniNeptuneGrid26_PostBac/Photochem_grid_121625.py", line 472, in <module>
    gridutils.make_grid(
  File "/mmfs1/gscratch/stf/elizap/MiniNeptuneGrid26_PostBac/gridutils.py", line 206, in make_grid
    worker()
  File "/mmfs1/gscratch/stf/elizap/MiniNeptuneGrid26_PostBac/gridutils.py", line 159, in worker
    res = model_func(x)
          ^^^^^^^^^^^^^
  File "/mmfs1/gscratch/stf/elizap/MiniNeptuneGrid26_PostBac/Photochem_grid_121625.py", line 454, in Photochem_1D_model
    sol, soleq, pc, convergence_values, converged = Photochem_Gas_Giant(rad_plan=rad_plan_earth_units, log10_planet_metallicity=log10_planet_metallicity, tint=tint_K, semi_major=semi_major_AU, ctoO=ctoO_solar, log_Kzz=log_Kzz, PT_filename='results/PICASO_climate_updatop_paramext_K218b.h5')
                                                    ^^^^^^^^^^^^^^^^^^^^^^^^^^^^^^^^^^^^^^^^^^^^^^^^^^^^^^^^^^^^^^^^^^^^^^^^^^^^^^^^^^^^^^^^^^^^^^^^^^^^^^^^^^^^^^^^^^^^^^^^^^^^^^^^^^^^^^^^^^^^^^^^^^^^^^^^^^^^^^^^^^^^^^^^^^^^^^^^^^^^^^^^^^^^^^^^^^^^^^^^^^^^^^^^^^^^^^^^^^^^^^^^^^^^^^^^^^^^^^
  File "/mmfs1/gscratch/stf/elizap/MiniNeptuneGrid26_PostBac/Photochem_grid_121625.py", line 331, in Photochem_Gas_Giant
    pc.initialize_to_climate_equilibrium_PT(P, T, Kzz, float(log10_planet_metallicity), ctoO)
  File "/gscratch/stf/elizap/envs/subneptune/lib/python3.12/site-packages/photochem/extensions/gasgiants.py", line 244, in initialize_to_climate_equilibrium_PT
    raise Exception('BOA in photochemical model wants to be deeper than BOA of climate model.')
Exception: BOA in photochemical model wants to be deeper than BOA of climate model.
Traceback (most recent call last):
  File "/mmfs1/gscratch/stf/elizap/MiniNeptuneGrid26_PostBac/Photochem_grid_121625.py", line 472, in <module>
    gridutils.make_grid(
  File "/mmfs1/gscratch/stf/elizap/MiniNeptuneGrid26_PostBac/gridutils.py", line 206, in make_grid
    worker()
  File "/mmfs1/gscratch/stf/elizap/MiniNeptuneGrid26_PostBac/gridutils.py", line 159, in worker
Traceback (most recent call last):
  File "/mmfs1/gscratch/stf/elizap/MiniNeptuneGrid26_PostBac/Photochem_grid_121625.py", line 472, in <module>
    gridutils.make_grid(
  File "/mmfs1/gscratch/stf/elizap/MiniNeptuneGrid26_PostBac/gridutils.py", line 206, in make_grid
    worker()
  File "/mmfs1/gscratch/stf/elizap/MiniNeptuneGrid26_PostBac/gridutils.py", line 159, in worker
    res = model_func(x)
          ^^^^^^^^^^^^^
  File "/mmfs1/gscratch/stf/elizap/MiniNeptuneGrid26_PostBac/Photochem_grid_121625.py", line 454, in Photochem_1D_model
    sol, soleq, pc, convergence_values, converged = Photochem_Gas_Giant(rad_plan=rad_plan_earth_units, log10_planet_metallicity=log10_planet_metallicity, tint=tint_K, semi_major=semi_major_AU, ctoO=ctoO_solar, log_Kzz=log_Kzz, PT_filename='results/PICASO_climate_updatop_paramext_K218b.h5')
                                                    ^^^^^^^^^^^^^^^^^^^^^^^^^^^^^^^^^^^^^^^^^^^^^^^^^^^^^^^^^^^^^^^^^^^^^^^^^^^^^^^^^^^^^^^^^^^^^^^^^^^^^^^^^^^^^^^^^^^^^^^^^^^^^^^^^^^^^^^^^^^^^^^^^^^^^^^^^^^^^^^^^^^^^^^^^^^^^^^^^^^^^^^^^^^^^^^^^^^^^^^^^^^^^^^^^^^^^^^^^^^^^^^^^^^^^^^^^^^^^^
  File "/mmfs1/gscratch/stf/elizap/MiniNeptuneGrid26_PostBac/Photochem_grid_121625.py", line 331, in Photochem_Gas_Giant
    pc.initialize_to_climate_equilibrium_PT(P, T, Kzz, float(log10_planet_metallicity), ctoO)
  File "/gscratch/stf/elizap/envs/subneptune/lib/python3.12/site-packages/photochem/extensions/gasgiants.py", line 244, in initialize_to_climate_equilibrium_PT
    raise Exception('BOA in photochemical model wants to be deeper than BOA of climate model.')
Exception: BOA in photochemical model wants to be deeper than BOA of climate model.
    res = model_func(x)
          ^^^^^^^^^^^^^
  File "/mmfs1/gscratch/stf/elizap/MiniNeptuneGrid26_PostBac/Photochem_grid_121625.py", line 454, in Photochem_1D_model
    sol, soleq, pc, convergence_values, converged = Photochem_Gas_Giant(rad_plan=rad_plan_earth_units, log10_planet_metallicity=log10_planet_metallicity, tint=tint_K, semi_major=semi_major_AU, ctoO=ctoO_solar, log_Kzz=log_Kzz, PT_filename='results/PICASO_climate_updatop_paramext_K218b.h5')
                                                    ^^^^^^^^^^^^^^^^^^^^^^^^^^^^^^^^^^^^^^^^^^^^^^^^^^^^^^^^^^^^^^^^^^^^^^^^^^^^^^^^^^^^^^^^^^^^^^^^^^^^^^^^^^^^^^^^^^^^^^^^^^^^^^^^^^^^^^^^^^^^^^^^^^^^^^^^^^^^^^^^^^^^^^^^^^^^^^^^^^^^^^^^^^^^^^^^^^^^^^^^^^^^^^^^^^^^^^^^^^^^^^^^^^^^^^^^^^^^^^
  File "/mmfs1/gscratch/stf/elizap/MiniNeptuneGrid26_PostBac/Photochem_grid_121625.py", line 331, in Photochem_Gas_Giant
    pc.initialize_to_climate_equilibrium_PT(P, T, Kzz, float(log10_planet_metallicity), ctoO)
  File "/gscratch/stf/elizap/envs/subneptune/lib/python3.12/site-packages/photochem/extensions/gasgiants.py", line 244, in initialize_to_climate_equilibrium_PT
    raise Exception('BOA in photochemical model wants to be deeper than BOA of climate model.')
Exception: BOA in photochemical model wants to be deeper than BOA of climate model.
Traceback (most recent call last):
  File "/mmfs1/gscratch/stf/elizap/MiniNeptuneGrid26_PostBac/Photochem_grid_121625.py", line 472, in <module>
    gridutils.make_grid(
  File "/mmfs1/gscratch/stf/elizap/MiniNeptuneGrid26_PostBac/gridutils.py", line 206, in make_grid
    worker()
  File "/mmfs1/gscratch/stf/elizap/MiniNeptuneGrid26_PostBac/gridutils.py", line 159, in worker
    res = model_func(x)
          ^^^^^^^^^^^^^
  File "/mmfs1/gscratch/stf/elizap/MiniNeptuneGrid26_PostBac/Photochem_grid_121625.py", line 454, in Photochem_1D_model
    sol, soleq, pc, convergence_values, converged = Photochem_Gas_Giant(rad_plan=rad_plan_earth_units, log10_planet_metallicity=log10_planet_metallicity, tint=tint_K, semi_major=semi_major_AU, ctoO=ctoO_solar, log_Kzz=log_Kzz, PT_filename='results/PICASO_climate_updatop_paramext_K218b.h5')
                                                    ^^^^^^^^^^^^^^^^^^^^^^^^^^^^^^^^^^^^^^^^^^^^^^^^^^^^^^^^^^^^^^^^^^^^^^^^^^^^^^^^^^^^^^^^^^^^^^^^^^^^^^^^^^^^^^^^^^^^^^^^^^^^^^^^^^^^^^^^^^^^^^^^^^^^^^^^^^^^^^^^^^^^^^^^^^^^^^^^^^^^^^^^^^^^^^^^^^^^^^^^^^^^^^^^^^^^^^^^^^^^^^^^^^^^^^^^^^^^^^
  File "/mmfs1/gscratch/stf/elizap/MiniNeptuneGrid26_PostBac/Photochem_grid_121625.py", line 331, in Photochem_Gas_Giant
    pc.initialize_to_climate_equilibrium_PT(P, T, Kzz, float(log10_planet_metallicity), ctoO)
  File "/gscratch/stf/elizap/envs/subneptune/lib/python3.12/site-packages/photochem/extensions/gasgiants.py", line 244, in initialize_to_climate_equilibrium_PT
    raise Exception('BOA in photochemical model wants to be deeper than BOA of climate model.')
Exception: BOA in photochemical model wants to be deeper than BOA of climate model.
Traceback (most recent call last):
  File "/mmfs1/gscratch/stf/elizap/MiniNeptuneGrid26_PostBac/Photochem_grid_121625.py", line 472, in <module>
    gridutils.make_grid(
  File "/mmfs1/gscratch/stf/elizap/MiniNeptuneGrid26_PostBac/gridutils.py", line 206, in make_grid
    worker()
  File "/mmfs1/gscratch/stf/elizap/MiniNeptuneGrid26_PostBac/gridutils.py", line 159, in worker
    res = model_func(x)
          ^^^^^^^^^^^^^
  File "/mmfs1/gscratch/stf/elizap/MiniNeptuneGrid26_PostBac/Photochem_grid_121625.py", line 454, in Photochem_1D_model
    sol, soleq, pc, convergence_values, converged = Photochem_Gas_Giant(rad_plan=rad_plan_earth_units, log10_planet_metallicity=log10_planet_metallicity, tint=tint_K, semi_major=semi_major_AU, ctoO=ctoO_solar, log_Kzz=log_Kzz, PT_filename='results/PICASO_climate_updatop_paramext_K218b.h5')
                                                    ^^^^^^^^^^^^^^^^^^^^^^^^^^^^^^^^^^^^^^^^^^^^^^^^^^^^^^^^^^^^^^^^^^^^^^^^^^^^^^^^^^^^^^^^^^^^^^^^^^^^^^^^^^^^^^^^^^^^^^^^^^^^^^^^^^^^^^^^^^^^^^^^^^^^^^^^^^^^^^^^^^^^^^^^^^^^^^^^^^^^^^^^^^^^^^^^^^^^^^^^^^^^^^^^^^^^^^^^^^^^^^^^^^^^^^^^^^^^^^
  File "/mmfs1/gscratch/stf/elizap/MiniNeptuneGrid26_PostBac/Photochem_grid_121625.py", line 331, in Photochem_Gas_Giant
    pc.initialize_to_climate_equilibrium_PT(P, T, Kzz, float(log10_planet_metallicity), ctoO)
  File "/gscratch/stf/elizap/envs/subneptune/lib/python3.12/site-packages/photochem/extensions/gasgiants.py", line 244, in initialize_to_climate_equilibrium_PT
    raise Exception('BOA in photochemical model wants to be deeper than BOA of climate model.')
Exception: BOA in photochemical model wants to be deeper than BOA of climate model.
Traceback (most recent call last):
  File "/mmfs1/gscratch/stf/elizap/MiniNeptuneGrid26_PostBac/Photochem_grid_121625.py", line 472, in <module>
    gridutils.make_grid(
  File "/mmfs1/gscratch/stf/elizap/MiniNeptuneGrid26_PostBac/gridutils.py", line 206, in make_grid
    worker()
  File "/mmfs1/gscratch/stf/elizap/MiniNeptuneGrid26_PostBac/gridutils.py", line 159, in worker
    res = model_func(x)
          ^^^^^^^^^^^^^
  File "/mmfs1/gscratch/stf/elizap/MiniNeptuneGrid26_PostBac/Photochem_grid_121625.py", line 454, in Photochem_1D_model
    sol, soleq, pc, convergence_values, converged = Photochem_Gas_Giant(rad_plan=rad_plan_earth_units, log10_planet_metallicity=log10_planet_metallicity, tint=tint_K, semi_major=semi_major_AU, ctoO=ctoO_solar, log_Kzz=log_Kzz, PT_filename='results/PICASO_climate_updatop_paramext_K218b.h5')
                                                    ^^^^^^^^^^^^^^^^^^^^^^^^^^^^^^^^^^^^^^^^^^^^^^^^^^^^^^^^^^^^^^^^^^^^^^^^^^^^^^^^^^^^^^^^^^^^^^^^^^^^^^^^^^^^^^^^^^^^^^^^^^^^^^^^^^^^^^^^^^^^^^^^^^^^^^^^^^^^^^^^^^^^^^^^^^^^^^^^^^^^^^^^^^^^^^^^^^^^^^^^^^^^^^^^^^^^^^^^^^^^^^^^^^^^^^^^^^^^^^
  File "/mmfs1/gscratch/stf/elizap/MiniNeptuneGrid26_PostBac/Photochem_grid_121625.py", line 331, in Photochem_Gas_Giant
    pc.initialize_to_climate_equilibrium_PT(P, T, Kzz, float(log10_planet_metallicity), ctoO)
  File "/gscratch/stf/elizap/envs/subneptune/lib/python3.12/site-packages/photochem/extensions/gasgiants.py", line 244, in initialize_to_climate_equilibrium_PT
    raise Exception('BOA in photochemical model wants to be deeper than BOA of climate model.')
Exception: BOA in photochemical model wants to be deeper than BOA of climate model.
Traceback (most recent call last):
  File "/mmfs1/gscratch/stf/elizap/MiniNeptuneGrid26_PostBac/Photochem_grid_121625.py", line 472, in <module>
    gridutils.make_grid(
  File "/mmfs1/gscratch/stf/elizap/MiniNeptuneGrid26_PostBac/gridutils.py", line 206, in make_grid
    worker()
  File "/mmfs1/gscratch/stf/elizap/MiniNeptuneGrid26_PostBac/gridutils.py", line 159, in worker
    res = model_func(x)
          ^^^^^^^^^^^^^
  File "/mmfs1/gscratch/stf/elizap/MiniNeptuneGrid26_PostBac/Photochem_grid_121625.py", line 454, in Photochem_1D_model
    sol, soleq, pc, convergence_values, converged = Photochem_Gas_Giant(rad_plan=rad_plan_earth_units, log10_planet_metallicity=log10_planet_metallicity, tint=tint_K, semi_major=semi_major_AU, ctoO=ctoO_solar, log_Kzz=log_Kzz, PT_filename='results/PICASO_climate_updatop_paramext_K218b.h5')
                                                    ^^^^^^^^^^^^^^^^^^^^^^^^^^^^^^^^^^^^^^^^^^^^^^^^^^^^^^^^^^^^^^^^^^^^^^^^^^^^^^^^^^^^^^^^^^^^^^^^^^^^^^^^^^^^^^^^^^^^^^^^^^^^^^^^^^^^^^^^^^^^^^^^^^^^^^^^^^^^^^^^^^^^^^^^^^^^^^^^^^^^^^^^^^^^^^^^^^^^^^^^^^^^^^^^^^^^^^^^^^^^^^^^^^^^^^^^^^^^^^
  File "/mmfs1/gscratch/stf/elizap/MiniNeptuneGrid26_PostBac/Photochem_grid_121625.py", line 331, in Photochem_Gas_Giant
    pc.initialize_to_climate_equilibrium_PT(P, T, Kzz, float(log10_planet_metallicity), ctoO)
  File "/gscratch/stf/elizap/envs/subneptune/lib/python3.12/site-packages/photochem/extensions/gasgiants.py", line 244, in initialize_to_climate_equilibrium_PT
    raise Exception('BOA in photochemical model wants to be deeper than BOA of climate model.')
Exception: BOA in photochemical model wants to be deeper than BOA of climate model.
Traceback (most recent call last):
  File "/mmfs1/gscratch/stf/elizap/MiniNeptuneGrid26_PostBac/Photochem_grid_121625.py", line 472, in <module>
    gridutils.make_grid(
  File "/mmfs1/gscratch/stf/elizap/MiniNeptuneGrid26_PostBac/gridutils.py", line 206, in make_grid
    worker()
  File "/mmfs1/gscratch/stf/elizap/MiniNeptuneGrid26_PostBac/gridutils.py", line 159, in worker
    res = model_func(x)
          ^^^^^^^^^^^^^
  File "/mmfs1/gscratch/stf/elizap/MiniNeptuneGrid26_PostBac/Photochem_grid_121625.py", line 454, in Photochem_1D_model
    sol, soleq, pc, convergence_values, converged = Photochem_Gas_Giant(rad_plan=rad_plan_earth_units, log10_planet_metallicity=log10_planet_metallicity, tint=tint_K, semi_major=semi_major_AU, ctoO=ctoO_solar, log_Kzz=log_Kzz, PT_filename='results/PICASO_climate_updatop_paramext_K218b.h5')
                                                    ^^^^^^^^^^^^^^^^^^^^^^^^^^^^^^^^^^^^^^^^^^^^^^^^^^^^^^^^^^^^^^^^^^^^^^^^^^^^^^^^^^^^^^^^^^^^^^^^^^^^^^^^^^^^^^^^^^^^^^^^^^^^^^^^^^^^^^^^^^^^^^^^^^^^^^^^^^^^^^^^^^^^^^^^^^^^^^^^^^^^^^^^^^^^^^^^^^^^^^^^^^^^^^^^^^^^^^^^^^^^^^^^^^^^^^^^^^^^^^
  File "/mmfs1/gscratch/stf/elizap/MiniNeptuneGrid26_PostBac/Photochem_grid_121625.py", line 338, in Photochem_Gas_Giant
    assert pc.gdat.total_step_counter > pc.gdat.max_total_step - 10
           ^^^^^^^^^^^^^^^^^^^^^^^^^^^^^^^^^^^^^^^^^^^^^^^^^^^^^^^^
AssertionError
[2026-01-27T14:04:48.072] error: *** STEP 32664167.0 ON n3477 CANCELLED AT 2026-01-27T14:04:48 DUE to SIGNAL Terminated ***
[2026-01-27T14:04:48.074] error: *** JOB 32664167 ON n3477 CANCELLED AT 2026-01-27T14:04:48 DUE to SIGNAL Terminated ***
